<?xml version="1.0" encoding="UTF-8"?>
<testsuite failures="0" errors="0" skipped="3" tests="5" time="0.083719" name="Some terse yet descriptive text of what is desired like bla bla 3 examples">
<testcase classname="Some terse yet descriptive text of what is desired like bla bla 3 examples" name="Some determinable business situation" time="0.053920">
  <system-out>
    <![CDATA[]]>
  </system-out>
  <system-err>
    <![CDATA[]]>
  </system-err>
</testcase>
<testcase classname="Some terse yet descriptive text of what is desired like bla bla 3 examples" name="Some another scenario 2" time="0.007232">
  <system-out>
    <![CDATA[]]>
  </system-out>
  <system-err>
    <![CDATA[]]>
  </system-err>
</testcase>
<testcase classname="Some terse yet descriptive text of what is desired like bla bla 3 examples" name="feeding a cow &lt;name&gt; yum yum yum (outline example : | cow1 | 450 | 26500 |)" time="0.008492">
  <skipped/>
  <system-out>
    <![CDATA[]]>
  </system-out>
  <system-err>
    <![CDATA[]]>
  </system-err>
</testcase>
<testcase classname="Some terse yet descriptive text of what is desired like bla bla 3 examples" name="feeding a cow &lt;name&gt; yum yum yum (outline example : | cow1 | 451 | 26501 |)" time="0.006899">
  <skipped/>
  <system-out>
    <![CDATA[]]>
  </system-out>
  <system-err>
    <![CDATA[]]>
  </system-err>
</testcase>
<testcase classname="Some terse yet descriptive text of what is desired like bla bla 3 examples" name="feeding a cow &lt;name&gt; yum yum yum (outline example : | cow2 | 500 | 29500 |)" time="0.007177">
  <skipped/>
  <system-out>
    <![CDATA[]]>
  </system-out>
  <system-err>
    <![CDATA[]]>
  </system-err>
</testcase>
</testsuite>
