<?xml version="1.0" encoding="UTF-8"?>
<testsuite failures="0" errors="0" skipped="0" tests="5" time="0.084135" name="Some terse yet descriptive text of what is desired like bla bla 3 examples">
  <testcase classname="Some terse yet descriptive text of what is desired like bla bla 3 examples" name="Some determinable business situation" time="0.056682">
    <system-out>
      <![CDATA[Given: some precondition 1
]]>
    </system-out>
    <system-err>
      <![CDATA[]]>
    </system-err>
  </testcase>
  <testcase classname="Some terse yet descriptive text of what is desired like bla bla 3 examples" name="Some another scenario 2" time="0.006466">
    <system-out>
      <![CDATA[]]>
    </system-out>
    <system-err>
      <![CDATA[]]>
    </system-err>
  </testcase>
  <testcase classname="Some terse yet descriptive text of what is desired like bla bla 3 examples" name="feeding a cow &lt;name&gt; yum yum yum (outline example : | cow1 | 450 | 26500 |)" time="0.007384">
    <system-out>
      <![CDATA[]]>
    </system-out>
    <system-err>
      <![CDATA[]]>
    </system-err>
  </testcase>
  <testcase classname="Some terse yet descriptive text of what is desired like bla bla 3 examples" name="feeding a cow &lt;name&gt; yum yum yum (outline example : | cow1 | 451 | 26501 |)" time="0.006300">
    <system-out>
      <![CDATA[]]>
    </system-out>
    <system-err>
      <![CDATA[]]>
    </system-err>
  </testcase>
  <testcase classname="Some terse yet descriptive text of what is desired like bla bla 3 examples" name="feeding a cow &lt;name&gt; yum yum yum (outline example : | cow2 | 500 | 29500 |)" time="0.007305">
    <system-out>
      <![CDATA[]]>
    </system-out>
    <system-err>
      <![CDATA[]]>
    </system-err>
  </testcase>
</testsuite>
